<?xml version="1.0" encoding="ISO-8859-1" ?>
<!DOCTYPE html PUBLIC "-//W3C//DTD XHTML 1.0 Strict//EN"
"http://www.w3.org/TR/xhtml1/DTD/xhtml1-strict.dtd">
<html xmlns="http://www.w3.org/1999/xhtml" xml:lang="en" lang="en">
<head>
  <meta http-equiv="Content-Type" content="text/html;charset=utf-8" />
  <meta name="description" content="TestNG unit test results." />
  <link href="css/bootstrap.min.css" rel="stylesheet" />
  <link href="css/reportngClass.css" rel="stylesheet" />
  <script type="text/javascript" src="js/reportngClass.js"></script>
  <script type="text/javascript" src="js/jquery-1.4.4.min.js"></script> 
  <script type="text/javascript" src="js/jquery.tablesorter.min.js"></script>
  <script type="text/javascript" src="js/json-min.js"></script>
  <script type="text/javascript">
	$(document).ready(function(){
		$('.tablesorter').tablesorter({sortList: [[0,0]]});
	});
  </script>
</head>
<body onload="doParse(); return false;" onkeypress="collapseExpand();">
<div class="well well-large">
	<b>Test Info</>
	<table class="table">
	  <tr>
	    <th>Test Name : </th>
	    <th>
	    	<div class="tooltipCustom">
	    		<img src="images/copy.png" width="10" height="15" alt="Copy to Clipboard" onclick="copyToClipboard('#testNameId')"/>
	    		<span class="tooltiptextCustom">Copy Test name</span>
			</div>
	    </th>
	    <th id="testNameId">Test</th> 
	  </tr>
	  <tr>
	    <th>Test Class : </th>
	    <th>
	    	<div class="tooltipCustom">
	    		<img src="images/copy.png" width="10" height="15" alt="Copy to Clipboard" onclick="copyToClipboard('#testClassId')"/>
	    		<span class="tooltiptextCustom">Copy full path Class name</span>
			</div>
	    	<div class="tooltipCustom">
	    		<img src="images/copy.png" width="10" height="15" alt="Copy to Clipboard" onclick="copyToClipboard('#testClassNameId')"/>
	    		<span class="tooltiptextCustom">Copy Class name</span>
			</div>
	    </th> 
	    <th id="testClassId">login_to_zoho.login_to_zoho_page</th>
	    <th id="testClassNameId" hidden="true">login_to_zoho_page</th>
	  </tr>
	  <tr>
	    <th>Suite Name : </th>
	    <th>
	    	<div class="tooltipCustom">
	    		<img src="images/copy.png" width="10" height="15" alt="Copy to Clipboard" onclick="copyToClipboard('#suiteNameId')"/>
	    		<span class="tooltiptextCustom">Copy Suite name</span>
			</div>
		</th>
	    <th id="suiteNameId">Suite</th>
	  </tr>
	  <tr>
	    <th>Suite XML : </th>
	    <th>
	    	<div class="tooltipCustom">
	    		<img src="images/copy.png" width="10" height="15" alt="Copy to Clipboard" onclick="copyToClipboard('#suiteXMLId')"/>
	    		<span class="tooltiptextCustom">Copy Suite full path name</span>
			</div>
	    	<div class="tooltipCustom">
	    		<img src="images/copy.png" width="10" height="15" alt="Copy to Clipboard" onclick="copyToClipboard('#suiteXMLNameId')"/>
	    		<span class="tooltiptextCustom">Copy Suite file name</span>
			</div>
	    </th> 
	  	<th id="suiteXMLId">C:\Users\amits\eclipse-workspace\ZPHO_SELENIUM_LOGIN_PROJECT\zoho_testng.xml</th>
	  	<th id="suiteXMLNameId" hidden="true">zoho_testng.xml</th>
	  </tr>
	  	  <tr>
	    <th>Total Time : </th>
	    <th></th>
	    <th>00:03:54</th> 
	  </tr>
	  <tr>
	    <th>Total Steps : </th>
	   	<th></th>
	    <th>1</th> 
	  </tr>
	  <tr>
	    <th>Status : </th>
	    <th></th>
	    <th><font color="yellow">SKIP</font></th> 
	  </tr>
	</table>
</div>
<div class="well well-large">
	<div class="row">
		<div class="col-xs-12">
	        <div class="text-right">
	            <button id="hideResults" type="button" class="btn-danger" onclick="collapseExpand(this);" onkeypress="collapseExpand(this);" class="btn pull-right" title="Click or Press Any key to collapse/expand All Failed Tests and Configuration Methods">Show Only Failures</button>
	        </div>
	    </div>
	</div>
	<table class="tablesorter" border="1">
		<thead>
		<tr>
		<th class="headerTime">Time</th>
		<th class="headerTime" width="12%">Info</th>
		<th class="headerTime" width="88%">Test</th>
		</tr>
		</thead>
		<tbody>
		
									<tr>
		<td class="time">1715354361489</td>
		<td class="header failedConfig" colspan="4" onClick="toggleElement('5298b1e5-1581-4238-9c6f-d841eff8d1b0','block');changeSingleIcon('span-5298b1e5-1581-4238-9c6f-d841eff8d1b0');" title="Click to expand/collapse" style="cursor: pointer;">
		<div style="float:left;"><i>Class&nbsp;:&nbsp;</i>login_to_zoho.login_to_zoho_page</div>
		<div style="float:right;">@BeforeMethod &nbsp;&nbsp;<span id='span-5298b1e5-1581-4238-9c6f-d841eff8d1b0' class="glyphicon glyphicon-menu-down"></span></div>
		</td>
	</tr>
			<tr>
		<td class="time">1715354361489</td>
		<td class="methodConfiguration">
				<span class="description"><b>Class: </b>class base_package.basetest</span><br>
		<span class="description"><b>Method: </b>setup</span><br>
				<span class="duration"><b>Duration: </b>182.606s</span><br>
		</td>
		<td class="resultConfiguration">
										<div class="stackTrace" id="5298b1e5-1581-4238-9c6f-d841eff8d1b0">
								<a href="javascript:toggleElement('exception-5298b1e5-1581-4238-9c6f-d841eff8d1b0','block')" title="Click to expand/collapse"><b>org.openqa.selenium.TimeoutException: java.util.concurrent.TimeoutException<br/>
Build info: version: &apos;4.19.1&apos;, revision: &apos;abe0ee07dc&apos;<br/>
System info: os.name: &apos;Windows 11&apos;, os.arch: &apos;amd64&apos;, os.version: &apos;10.0&apos;, java.version: &apos;21.0.2&apos;<br/>
Driver info: org.openqa.selenium.edge.EdgeDriver<br/>
Command: [82c1af4e71d6ba248e9e5c50deb99c80, get {url=https://www.zoho.com/}]<br/>
Capabilities {acceptInsecureCerts: false, browserName: MicrosoftEdge, browserVersion: 124.0.2478.80, fedcm:accounts: true, ms:edgeOptions: {debuggerAddress: localhost:52607}, msedge: {msedgedriverVersion: 124.0.2478.80 (b05b378d1705..., userDataDir: C:\Users\amits\AppData\Loca...}, networkConnectionEnabled: false, pageLoadStrategy: normal, platformName: windows, proxy: Proxy(), se:cdp: ws://localhost:52607/devtoo..., se:cdpVersion: 124.0.2478.80, setWindowRect: true, strictFileInteractability: false, timeouts: {implicit: 0, pageLoad: 300000, script: 30000}, unhandledPromptBehavior: dismiss and notify, webauthn:extension:credBlob: true, webauthn:extension:largeBlob: true, webauthn:extension:minPinLength: true, webauthn:extension:prf: true, webauthn:virtualAuthenticators: true}<br/>
Session ID: 82c1af4e71d6ba248e9e5c50deb99c80</b></a><br>
		    <div class="stackTrace" id="exception-5298b1e5-1581-4238-9c6f-d841eff8d1b0">
							org.openqa.selenium.remote.http.jdk.JdkHttpClient.execute0(JdkHttpClient.java:396)<br>
							org.openqa.selenium.remote.http.AddSeleniumUserAgent.lambda$apply$0(AddSeleniumUserAgent.java:42)<br>
							org.openqa.selenium.remote.http.Filter.lambda$andFinally$1(Filter.java:55)<br>
							org.openqa.selenium.remote.http.jdk.JdkHttpClient.execute(JdkHttpClient.java:352)<br>
							org.openqa.selenium.remote.HttpCommandExecutor.execute(HttpCommandExecutor.java:187)<br>
							org.openqa.selenium.remote.service.DriverCommandExecutor.invokeExecute(DriverCommandExecutor.java:216)<br>
							org.openqa.selenium.remote.service.DriverCommandExecutor.execute(DriverCommandExecutor.java:174)<br>
							org.openqa.selenium.remote.RemoteWebDriver.execute(RemoteWebDriver.java:518)<br>
							org.openqa.selenium.remote.RemoteWebDriver.get(RemoteWebDriver.java:300)<br>
							base_package.basetest.setup(basetest.java:46)<br>
							java.base/jdk.internal.reflect.DirectMethodHandleAccessor.invoke(DirectMethodHandleAccessor.java:103)<br>
							java.base/java.lang.reflect.Method.invoke(Method.java:580)<br>
							org.testng.internal.MethodInvocationHelper.invokeMethod(MethodInvocationHelper.java:133)<br>
							org.testng.internal.MethodInvocationHelper.invokeMethodConsideringTimeout(MethodInvocationHelper.java:62)<br>
							org.testng.internal.ConfigInvoker.invokeConfigurationMethod(ConfigInvoker.java:385)<br>
							org.testng.internal.ConfigInvoker.invokeConfigurations(ConfigInvoker.java:321)<br>
							org.testng.internal.TestInvoker.runConfigMethods(TestInvoker.java:700)<br>
							org.testng.internal.TestInvoker.invokeMethod(TestInvoker.java:527)<br>
							org.testng.internal.TestInvoker.invokeTestMethod(TestInvoker.java:173)<br>
							org.testng.internal.MethodRunner.runInSequence(MethodRunner.java:46)<br>
							org.testng.internal.TestInvoker$MethodInvocationAgent.invoke(TestInvoker.java:824)<br>
							org.testng.internal.TestInvoker.invokeTestMethods(TestInvoker.java:146)<br>
							org.testng.internal.TestMethodWorker.invokeTestMethods(TestMethodWorker.java:146)<br>
							org.testng.internal.TestMethodWorker.run(TestMethodWorker.java:128)<br>
							java.base/java.util.ArrayList.forEach(ArrayList.java:1596)<br>
							org.testng.TestRunner.privateRun(TestRunner.java:794)<br>
							org.testng.TestRunner.run(TestRunner.java:596)<br>
							org.testng.SuiteRunner.runTest(SuiteRunner.java:377)<br>
							org.testng.SuiteRunner.runSequentially(SuiteRunner.java:371)<br>
							org.testng.SuiteRunner.privateRun(SuiteRunner.java:332)<br>
							org.testng.SuiteRunner.run(SuiteRunner.java:276)<br>
							org.testng.SuiteRunnerWorker.runSuite(SuiteRunnerWorker.java:53)<br>
							org.testng.SuiteRunnerWorker.run(SuiteRunnerWorker.java:96)<br>
							org.testng.TestNG.runSuitesSequentially(TestNG.java:1212)<br>
							org.testng.TestNG.runSuitesLocally(TestNG.java:1134)<br>
							org.testng.TestNG.runSuites(TestNG.java:1063)<br>
							org.testng.TestNG.run(TestNG.java:1031)<br>
							org.testng.remote.AbstractRemoteTestNG.run(AbstractRemoteTestNG.java:115)<br>
							org.testng.remote.RemoteTestNG.initAndRun(RemoteTestNG.java:293)<br>
							org.testng.remote.RemoteTestNG.main(RemoteTestNG.java:91)<br>
									    <b>Caused by: </b> <a href="javascript:toggleElement('causedBy-5298b1e5-1581-4238-9c6f-d841eff8d1b0','block')" title="Click to expand/collapse">java.util.concurrent.TimeoutException</a><br>
			    <div class="stackTrace" id="causedBy-5298b1e5-1581-4238-9c6f-d841eff8d1b0">
									java.base/java.util.concurrent.CompletableFuture.timedGet(CompletableFuture.java:1960)<br>
									java.base/java.util.concurrent.CompletableFuture.get(CompletableFuture.java:2095)<br>
									org.openqa.selenium.remote.http.jdk.JdkHttpClient.execute0(JdkHttpClient.java:379)<br>
									org.openqa.selenium.remote.http.AddSeleniumUserAgent.lambda$apply$0(AddSeleniumUserAgent.java:42)<br>
									org.openqa.selenium.remote.http.Filter.lambda$andFinally$1(Filter.java:55)<br>
									org.openqa.selenium.remote.http.jdk.JdkHttpClient.execute(JdkHttpClient.java:352)<br>
									org.openqa.selenium.remote.HttpCommandExecutor.execute(HttpCommandExecutor.java:187)<br>
									org.openqa.selenium.remote.service.DriverCommandExecutor.invokeExecute(DriverCommandExecutor.java:216)<br>
									org.openqa.selenium.remote.service.DriverCommandExecutor.execute(DriverCommandExecutor.java:174)<br>
									org.openqa.selenium.remote.RemoteWebDriver.execute(RemoteWebDriver.java:518)<br>
									org.openqa.selenium.remote.RemoteWebDriver.get(RemoteWebDriver.java:300)<br>
									base_package.basetest.setup(basetest.java:46)<br>
									java.base/jdk.internal.reflect.DirectMethodHandleAccessor.invoke(DirectMethodHandleAccessor.java:103)<br>
									java.base/java.lang.reflect.Method.invoke(Method.java:580)<br>
									org.testng.internal.MethodInvocationHelper.invokeMethod(MethodInvocationHelper.java:133)<br>
									org.testng.internal.MethodInvocationHelper.invokeMethodConsideringTimeout(MethodInvocationHelper.java:62)<br>
									org.testng.internal.ConfigInvoker.invokeConfigurationMethod(ConfigInvoker.java:385)<br>
									org.testng.internal.ConfigInvoker.invokeConfigurations(ConfigInvoker.java:321)<br>
									org.testng.internal.TestInvoker.runConfigMethods(TestInvoker.java:700)<br>
									org.testng.internal.TestInvoker.invokeMethod(TestInvoker.java:527)<br>
									org.testng.internal.TestInvoker.invokeTestMethod(TestInvoker.java:173)<br>
									org.testng.internal.MethodRunner.runInSequence(MethodRunner.java:46)<br>
									org.testng.internal.TestInvoker$MethodInvocationAgent.invoke(TestInvoker.java:824)<br>
									org.testng.internal.TestInvoker.invokeTestMethods(TestInvoker.java:146)<br>
									org.testng.internal.TestMethodWorker.invokeTestMethods(TestMethodWorker.java:146)<br>
									org.testng.internal.TestMethodWorker.run(TestMethodWorker.java:128)<br>
									java.base/java.util.ArrayList.forEach(ArrayList.java:1596)<br>
									org.testng.TestRunner.privateRun(TestRunner.java:794)<br>
									org.testng.TestRunner.run(TestRunner.java:596)<br>
									org.testng.SuiteRunner.runTest(SuiteRunner.java:377)<br>
									org.testng.SuiteRunner.runSequentially(SuiteRunner.java:371)<br>
									org.testng.SuiteRunner.privateRun(SuiteRunner.java:332)<br>
									org.testng.SuiteRunner.run(SuiteRunner.java:276)<br>
									org.testng.SuiteRunnerWorker.runSuite(SuiteRunnerWorker.java:53)<br>
									org.testng.SuiteRunnerWorker.run(SuiteRunnerWorker.java:96)<br>
									org.testng.TestNG.runSuitesSequentially(TestNG.java:1212)<br>
									org.testng.TestNG.runSuitesLocally(TestNG.java:1134)<br>
									org.testng.TestNG.runSuites(TestNG.java:1063)<br>
									org.testng.TestNG.run(TestNG.java:1031)<br>
									org.testng.remote.AbstractRemoteTestNG.run(AbstractRemoteTestNG.java:115)<br>
									org.testng.remote.RemoteTestNG.initAndRun(RemoteTestNG.java:293)<br>
									org.testng.remote.RemoteTestNG.main(RemoteTestNG.java:91)<br>
								</div>
						</div>
				</div>
		</td>
	</tr>
						
					    				<tr>
		<td class="time">1715354544106</td>
		<td class="header skippedConfig" colspan="4" onClick="toggleElement('8d99ac64-6d3f-438c-bcc4-5d479236223c','block');changeSingleIcon('span-8d99ac64-6d3f-438c-bcc4-5d479236223c');" title="Click to expand/collapse">
		<div style="float:left;"><i>Class&nbsp;:&nbsp;</i>login_to_zoho.login_to_zoho_page</div>
		<div style="float:right;">@AfterMethod &nbsp;&nbsp;<span id='span-8d99ac64-6d3f-438c-bcc4-5d479236223c' class="glyphicon glyphicon-menu-down"></span></div>
		</td>
	</tr>
		<tr>
		<td class="time">1715354544106</td>
		<td class="methodConfiguration">
				<span class="description"><b>Class: </b>class base_package.basetest</span><br>
		<span class="description"><b>Method: </b>teardown</span><br>
				<span class="duration"><b>Duration: </b>0.000s</span><br>
		</td>
		<td class="resultConfiguration">
				 														<div class="stackTrace" id="8d99ac64-6d3f-438c-bcc4-5d479236223c">
							</div>
		</td>
	</tr>
	    	    		
												
				
											<tr>
	<td class="time">1715354544100</td>
	<td class="header skipped" colspan="4" onClick="toggleElement('45b1d0ad-9ec5-4fec-b5e8-74e5df6c19ad','block');changeSingleIcon('span-45b1d0ad-9ec5-4fec-b5e8-74e5df6c19ad');" title="Click to expand/collapse" style="cursor: pointer;">
	<div style="float:left;"><i>Class&nbsp;:&nbsp;</i>login_to_zoho.login_to_zoho_page</div>
	<div style="float:right;">@Test @ with DataProvider : ["testdata"] &nbsp;&nbsp;<span id='span-45b1d0ad-9ec5-4fec-b5e8-74e5df6c19ad' class="glyphicon glyphicon-menu-down"></span></div>
	</td>
	</tr>
<tr>
	<td class="time">1715354544100</td>
	<td class="methodTest">
		<span class="description"><b>Method: </b>LoginTest</span><br>
			<span class="description"><b>Description: </b></span><br>
							<span class="duration"><b>Duration: </b>0.000s</span><br>
	</td>
	<td class="result">
		 								<i>Method arguments: </i><span class="arguments">"amitsaini87573@gmail.com", "amitsaini3", "9057388979"</span><br>
				<div class="stackTrace" id="45b1d0ad-9ec5-4fec-b5e8-74e5df6c19ad" style="display: block;">
												==============================================================================================<br>
												Total Passed: 3(+3), Failures: 0(+0), Skips: 1(+1)<br>
												==============================================================================================<br>
									<a href="javascript:toggleElement('exception-45b1d0ad-9ec5-4fec-b5e8-74e5df6c19ad','block')" title="Click to expand/collapse"><b>org.openqa.selenium.TimeoutException: java.util.concurrent.TimeoutException<br/>
Build info: version: &apos;4.19.1&apos;, revision: &apos;abe0ee07dc&apos;<br/>
System info: os.name: &apos;Windows 11&apos;, os.arch: &apos;amd64&apos;, os.version: &apos;10.0&apos;, java.version: &apos;21.0.2&apos;<br/>
Driver info: org.openqa.selenium.edge.EdgeDriver<br/>
Command: [82c1af4e71d6ba248e9e5c50deb99c80, get {url=https://www.zoho.com/}]<br/>
Capabilities {acceptInsecureCerts: false, browserName: MicrosoftEdge, browserVersion: 124.0.2478.80, fedcm:accounts: true, ms:edgeOptions: {debuggerAddress: localhost:52607}, msedge: {msedgedriverVersion: 124.0.2478.80 (b05b378d1705..., userDataDir: C:\Users\amits\AppData\Loca...}, networkConnectionEnabled: false, pageLoadStrategy: normal, platformName: windows, proxy: Proxy(), se:cdp: ws://localhost:52607/devtoo..., se:cdpVersion: 124.0.2478.80, setWindowRect: true, strictFileInteractability: false, timeouts: {implicit: 0, pageLoad: 300000, script: 30000}, unhandledPromptBehavior: dismiss and notify, webauthn:extension:credBlob: true, webauthn:extension:largeBlob: true, webauthn:extension:minPinLength: true, webauthn:extension:prf: true, webauthn:virtualAuthenticators: true}<br/>
Session ID: 82c1af4e71d6ba248e9e5c50deb99c80</b></a><br/>
		<div class="stackTrace" id="exception-45b1d0ad-9ec5-4fec-b5e8-74e5df6c19ad">
					org.openqa.selenium.remote.http.jdk.JdkHttpClient.execute0(JdkHttpClient.java:396)<br/>
					org.openqa.selenium.remote.http.AddSeleniumUserAgent.lambda$apply$0(AddSeleniumUserAgent.java:42)<br/>
					org.openqa.selenium.remote.http.Filter.lambda$andFinally$1(Filter.java:55)<br/>
					org.openqa.selenium.remote.http.jdk.JdkHttpClient.execute(JdkHttpClient.java:352)<br/>
					org.openqa.selenium.remote.HttpCommandExecutor.execute(HttpCommandExecutor.java:187)<br/>
					org.openqa.selenium.remote.service.DriverCommandExecutor.invokeExecute(DriverCommandExecutor.java:216)<br/>
					org.openqa.selenium.remote.service.DriverCommandExecutor.execute(DriverCommandExecutor.java:174)<br/>
					org.openqa.selenium.remote.RemoteWebDriver.execute(RemoteWebDriver.java:518)<br/>
					org.openqa.selenium.remote.RemoteWebDriver.get(RemoteWebDriver.java:300)<br/>
					base_package.basetest.setup(basetest.java:46)<br/>
					java.base/jdk.internal.reflect.DirectMethodHandleAccessor.invoke(DirectMethodHandleAccessor.java:103)<br/>
					java.base/java.lang.reflect.Method.invoke(Method.java:580)<br/>
					org.testng.internal.MethodInvocationHelper.invokeMethod(MethodInvocationHelper.java:133)<br/>
					org.testng.internal.MethodInvocationHelper.invokeMethodConsideringTimeout(MethodInvocationHelper.java:62)<br/>
					org.testng.internal.ConfigInvoker.invokeConfigurationMethod(ConfigInvoker.java:385)<br/>
					org.testng.internal.ConfigInvoker.invokeConfigurations(ConfigInvoker.java:321)<br/>
					org.testng.internal.TestInvoker.runConfigMethods(TestInvoker.java:700)<br/>
					org.testng.internal.TestInvoker.invokeMethod(TestInvoker.java:527)<br/>
					org.testng.internal.TestInvoker.invokeTestMethod(TestInvoker.java:173)<br/>
					org.testng.internal.MethodRunner.runInSequence(MethodRunner.java:46)<br/>
					org.testng.internal.TestInvoker$MethodInvocationAgent.invoke(TestInvoker.java:824)<br/>
					org.testng.internal.TestInvoker.invokeTestMethods(TestInvoker.java:146)<br/>
					org.testng.internal.TestMethodWorker.invokeTestMethods(TestMethodWorker.java:146)<br/>
					org.testng.internal.TestMethodWorker.run(TestMethodWorker.java:128)<br/>
					java.base/java.util.ArrayList.forEach(ArrayList.java:1596)<br/>
					org.testng.TestRunner.privateRun(TestRunner.java:794)<br/>
					org.testng.TestRunner.run(TestRunner.java:596)<br/>
					org.testng.SuiteRunner.runTest(SuiteRunner.java:377)<br/>
					org.testng.SuiteRunner.runSequentially(SuiteRunner.java:371)<br/>
					org.testng.SuiteRunner.privateRun(SuiteRunner.java:332)<br/>
					org.testng.SuiteRunner.run(SuiteRunner.java:276)<br/>
					org.testng.SuiteRunnerWorker.runSuite(SuiteRunnerWorker.java:53)<br/>
					org.testng.SuiteRunnerWorker.run(SuiteRunnerWorker.java:96)<br/>
					org.testng.TestNG.runSuitesSequentially(TestNG.java:1212)<br/>
					org.testng.TestNG.runSuitesLocally(TestNG.java:1134)<br/>
					org.testng.TestNG.runSuites(TestNG.java:1063)<br/>
					org.testng.TestNG.run(TestNG.java:1031)<br/>
					org.testng.remote.AbstractRemoteTestNG.run(AbstractRemoteTestNG.java:115)<br/>
					org.testng.remote.RemoteTestNG.initAndRun(RemoteTestNG.java:293)<br/>
					org.testng.remote.RemoteTestNG.main(RemoteTestNG.java:91)<br/>
							<b>Caused by: </b> <a href="javascript:toggleElement('causedBy-45b1d0ad-9ec5-4fec-b5e8-74e5df6c19ad','block')" title="Click to expand/collapse">java.util.concurrent.TimeoutException</a><br/>
			<div class="stackTrace" id="causedBy-45b1d0ad-9ec5-4fec-b5e8-74e5df6c19ad">
							java.base/java.util.concurrent.CompletableFuture.timedGet(CompletableFuture.java:1960)<br/>
							java.base/java.util.concurrent.CompletableFuture.get(CompletableFuture.java:2095)<br/>
							org.openqa.selenium.remote.http.jdk.JdkHttpClient.execute0(JdkHttpClient.java:379)<br/>
							org.openqa.selenium.remote.http.AddSeleniumUserAgent.lambda$apply$0(AddSeleniumUserAgent.java:42)<br/>
							org.openqa.selenium.remote.http.Filter.lambda$andFinally$1(Filter.java:55)<br/>
							org.openqa.selenium.remote.http.jdk.JdkHttpClient.execute(JdkHttpClient.java:352)<br/>
							org.openqa.selenium.remote.HttpCommandExecutor.execute(HttpCommandExecutor.java:187)<br/>
							org.openqa.selenium.remote.service.DriverCommandExecutor.invokeExecute(DriverCommandExecutor.java:216)<br/>
							org.openqa.selenium.remote.service.DriverCommandExecutor.execute(DriverCommandExecutor.java:174)<br/>
							org.openqa.selenium.remote.RemoteWebDriver.execute(RemoteWebDriver.java:518)<br/>
							org.openqa.selenium.remote.RemoteWebDriver.get(RemoteWebDriver.java:300)<br/>
							base_package.basetest.setup(basetest.java:46)<br/>
							java.base/jdk.internal.reflect.DirectMethodHandleAccessor.invoke(DirectMethodHandleAccessor.java:103)<br/>
							java.base/java.lang.reflect.Method.invoke(Method.java:580)<br/>
							org.testng.internal.MethodInvocationHelper.invokeMethod(MethodInvocationHelper.java:133)<br/>
							org.testng.internal.MethodInvocationHelper.invokeMethodConsideringTimeout(MethodInvocationHelper.java:62)<br/>
							org.testng.internal.ConfigInvoker.invokeConfigurationMethod(ConfigInvoker.java:385)<br/>
							org.testng.internal.ConfigInvoker.invokeConfigurations(ConfigInvoker.java:321)<br/>
							org.testng.internal.TestInvoker.runConfigMethods(TestInvoker.java:700)<br/>
							org.testng.internal.TestInvoker.invokeMethod(TestInvoker.java:527)<br/>
							org.testng.internal.TestInvoker.invokeTestMethod(TestInvoker.java:173)<br/>
							org.testng.internal.MethodRunner.runInSequence(MethodRunner.java:46)<br/>
							org.testng.internal.TestInvoker$MethodInvocationAgent.invoke(TestInvoker.java:824)<br/>
							org.testng.internal.TestInvoker.invokeTestMethods(TestInvoker.java:146)<br/>
							org.testng.internal.TestMethodWorker.invokeTestMethods(TestMethodWorker.java:146)<br/>
							org.testng.internal.TestMethodWorker.run(TestMethodWorker.java:128)<br/>
							java.base/java.util.ArrayList.forEach(ArrayList.java:1596)<br/>
							org.testng.TestRunner.privateRun(TestRunner.java:794)<br/>
							org.testng.TestRunner.run(TestRunner.java:596)<br/>
							org.testng.SuiteRunner.runTest(SuiteRunner.java:377)<br/>
							org.testng.SuiteRunner.runSequentially(SuiteRunner.java:371)<br/>
							org.testng.SuiteRunner.privateRun(SuiteRunner.java:332)<br/>
							org.testng.SuiteRunner.run(SuiteRunner.java:276)<br/>
							org.testng.SuiteRunnerWorker.runSuite(SuiteRunnerWorker.java:53)<br/>
							org.testng.SuiteRunnerWorker.run(SuiteRunnerWorker.java:96)<br/>
							org.testng.TestNG.runSuitesSequentially(TestNG.java:1212)<br/>
							org.testng.TestNG.runSuitesLocally(TestNG.java:1134)<br/>
							org.testng.TestNG.runSuites(TestNG.java:1063)<br/>
							org.testng.TestNG.run(TestNG.java:1031)<br/>
							org.testng.remote.AbstractRemoteTestNG.run(AbstractRemoteTestNG.java:115)<br/>
							org.testng.remote.RemoteTestNG.initAndRun(RemoteTestNG.java:293)<br/>
							org.testng.remote.RemoteTestNG.main(RemoteTestNG.java:91)<br/>
						</div>
				</div>
		</td>
	</div>
</tr>
						
												<tr>
			<td class="time">1715354322388</td>
			<td class="header passed" colspan="4" onClick="toggleElement('a83f1167-0ecb-46af-9626-fe19f88ff60b','block');changeSingleIcon('span-a83f1167-0ecb-46af-9626-fe19f88ff60b');" title="Click to expand/collapse" style="cursor: pointer;">
			<div style="float:left;"><i>Class&nbsp;:&nbsp;</i>login_to_zoho.login_to_zoho_page</div>
			<div style="float:right;">@Test @ with DataProvider : ["testdata"] &nbsp;&nbsp;<span id='span-a83f1167-0ecb-46af-9626-fe19f88ff60b' class="glyphicon glyphicon-menu-down"></span></div>
			</td>
			</tr>
			<tr>
	<td class="time">1715354322388</td>
	<td class="methodTest">
		<span class="description"><b>Method: </b>LoginTest</span><br>
			<span class="description"><b>Description: </b></span><br>
							<span class="duration"><b>Duration: </b>5.622s</span><br>
	</td>
	<td class="result">
					<i>Method arguments: </i><span class="arguments">"amitsaini87570@gmail.com", "amitisaini", "9057388979"</span><br>
				<div class="stackTrace" id="a83f1167-0ecb-46af-9626-fe19f88ff60b" style="display: block;">
												method nameLoginTest<br>
												method status1<br>
								</td>
	</div>
</tr>
						<tr>
			<td class="time">1715354338228</td>
			<td class="header passed" colspan="4" onClick="toggleElement('fe470a3c-b729-4e7d-b50b-52d3a0e6c519','block');changeSingleIcon('span-fe470a3c-b729-4e7d-b50b-52d3a0e6c519');" title="Click to expand/collapse" style="cursor: pointer;">
			<div style="float:left;"><i>Class&nbsp;:&nbsp;</i>login_to_zoho.login_to_zoho_page</div>
			<div style="float:right;">@Test @ with DataProvider : ["testdata"] &nbsp;&nbsp;<span id='span-fe470a3c-b729-4e7d-b50b-52d3a0e6c519' class="glyphicon glyphicon-menu-down"></span></div>
			</td>
			</tr>
			<tr>
	<td class="time">1715354338228</td>
	<td class="methodTest">
		<span class="description"><b>Method: </b>LoginTest</span><br>
			<span class="description"><b>Description: </b></span><br>
							<span class="duration"><b>Duration: </b>3.426s</span><br>
	</td>
	<td class="result">
					<i>Method arguments: </i><span class="arguments">"amitsaini87571@gmail.com", "amitisaini1", "9057388979"</span><br>
				<div class="stackTrace" id="fe470a3c-b729-4e7d-b50b-52d3a0e6c519" style="display: block;">
												method nameLoginTest<br>
												method status1<br>
								</td>
	</div>
</tr>
						<tr>
			<td class="time">1715354355171</td>
			<td class="header passed" colspan="4" onClick="toggleElement('3f0a2c18-b519-441e-8ec7-9f673d924c4d','block');changeSingleIcon('span-3f0a2c18-b519-441e-8ec7-9f673d924c4d');" title="Click to expand/collapse" style="cursor: pointer;">
			<div style="float:left;"><i>Class&nbsp;:&nbsp;</i>login_to_zoho.login_to_zoho_page</div>
			<div style="float:right;">@Test @ with DataProvider : ["testdata"] &nbsp;&nbsp;<span id='span-3f0a2c18-b519-441e-8ec7-9f673d924c4d' class="glyphicon glyphicon-menu-down"></span></div>
			</td>
			</tr>
			<tr>
	<td class="time">1715354355171</td>
	<td class="methodTest">
		<span class="description"><b>Method: </b>LoginTest</span><br>
			<span class="description"><b>Description: </b></span><br>
							<span class="duration"><b>Duration: </b>6.318s</span><br>
	</td>
	<td class="result">
					<i>Method arguments: </i><span class="arguments">"amitsaini87572@gmail.com", "amitsaini2", ""</span><br>
				<div class="stackTrace" id="3f0a2c18-b519-441e-8ec7-9f673d924c4d" style="display: block;">
												method nameLoginTest<br>
												method status1<br>
								</td>
	</div>
</tr>
					  
	</tbody>
	</table>
</div>
</body>
</html>
